Starting ChromeDriver 81.0.4044.69 (6813546031a4bc83f717a2ef7cd4ac6ec1199132-refs/branch-heads/4044@{#776}) on port 9515
Only local connections are allowed.
Please protect ports used by ChromeDriver and related test frameworks to prevent access by malicious code.
[1587040484.761][WARNING]: FromSockAddr failed on netmask
[1587040486.657][SEVERE]: Timed out receiving message from renderer: 0.100
[1587040486.760][SEVERE]: Timed out receiving message from renderer: 0.100
[1587040486.861][SEVERE]: Timed out receiving message from renderer: 0.100
[1587040486.963][SEVERE]: Timed out receiving message from renderer: 0.100
[1587040487.065][SEVERE]: Timed out receiving message from renderer: 0.100
[1587040487.166][SEVERE]: Timed out receiving message from renderer: 0.100
[1587040487.268][SEVERE]: Timed out receiving message from renderer: 0.100
[1587040487.369][SEVERE]: Timed out receiving message from renderer: 0.100
[1587040487.668][SEVERE]: Timed out receiving message from renderer: 0.100
[1587040487.794][SEVERE]: Timed out receiving message from renderer: 0.100
[1587040488.048][SEVERE]: Timed out receiving message from renderer: 0.100
[1587040488.149][SEVERE]: Timed out receiving message from renderer: 0.100
[1587040488.250][SEVERE]: Timed out receiving message from renderer: 0.100
[1587040488.352][SEVERE]: Timed out receiving message from renderer: 0.100
[1587040488.453][SEVERE]: Timed out receiving message from renderer: 0.100
[1587040489.207][SEVERE]: Timed out receiving message from renderer: 0.100
[1587040489.380][SEVERE]: Timed out receiving message from renderer: 0.100
[1587040489.482][SEVERE]: Timed out receiving message from renderer: 0.100
[1587040490.524][SEVERE]: Timed out receiving message from renderer: 0.100
[1587040491.048][SEVERE]: Timed out receiving message from renderer: 0.100
[1587040491.150][SEVERE]: Timed out receiving message from renderer: 0.100
[1587040491.251][SEVERE]: Timed out receiving message from renderer: 0.100
[1587040491.353][SEVERE]: Timed out receiving message from renderer: 0.100
[1587040491.456][SEVERE]: Timed out receiving message from renderer: 0.100
[1587040491.558][SEVERE]: Timed out receiving message from renderer: 0.100
[1587040491.659][SEVERE]: Timed out receiving message from renderer: 0.100
[1587040491.761][SEVERE]: Timed out receiving message from renderer: 0.100
[1587040491.990][SEVERE]: Timed out receiving message from renderer: 0.100
[1587040492.092][SEVERE]: Timed out receiving message from renderer: 0.100
[1587040492.193][SEVERE]: Timed out receiving message from renderer: 0.100
[1587040492.294][SEVERE]: Timed out receiving message from renderer: 0.100
[1587040492.397][SEVERE]: Timed out receiving message from renderer: 0.100
[1587040492.500][SEVERE]: Timed out receiving message from renderer: 0.100
[1587040492.602][SEVERE]: Timed out receiving message from renderer: 0.100
[1587040492.704][SEVERE]: Timed out receiving message from renderer: 0.100
[1587040492.805][SEVERE]: Timed out receiving message from renderer: 0.100
[1587040492.908][SEVERE]: Timed out receiving message from renderer: 0.100
[1587040493.009][SEVERE]: Timed out receiving message from renderer: 0.100
[1587040493.110][SEVERE]: Timed out receiving message from renderer: 0.100
[1587040493.212][SEVERE]: Timed out receiving message from renderer: 0.100
[1587040493.315][SEVERE]: Timed out receiving message from renderer: 0.100
